# JRE version: Java(TM) SE Runtime Environment (8.0_131-b11) (build 1.8.0_131-b11)
# Java VM: Java HotSpot(TM) 64-Bit Server VM (25.131-b11 mixed mode windows-amd64 compressed oops)
Heap:
 PSYoungGen      total 286208K, used 218654K [0x00000000d5f80000, 0x00000000ea800000, 0x0000000100000000)
  eden space 248320K, 88% used [0x00000000d5f80000,0x00000000e3507b20,0x00000000e5200000)
  from space 37888K, 0% used [0x00000000e7b00000,0x00000000e7b00000,0x00000000ea000000)
  to   space 41984K, 0% used [0x00000000e5200000,0x00000000e5200000,0x00000000e7b00000)
 ParOldGen       total 140800K, used 130935K [0x0000000081e00000, 0x000000008a780000, 0x00000000d5f80000)
  object space 140800K, 92% used [0x0000000081e00000,0x0000000089ddddc0,0x000000008a780000)
 Metaspace       used 44994K, capacity 45323K, committed 45440K, reserved 1089536K
  class space    used 5352K, capacity 5452K, committed 5504K, reserved 1048576K
GC Heap History (10 events):
Event: 12.490 GC heap before
{Heap before GC invocations=21 (full 3):
 PSYoungGen      total 282112K, used 29175K [0x00000000d5f80000, 0x00000000ea000000, 0x0000000100000000)
  eden space 248320K, 0% used [0x00000000d5f80000,0x00000000d5f80000,0x00000000e5200000)
  from space 33792K, 86% used [0x00000000e7700000,0x00000000e937dc20,0x00000000e9800000)
  to   space 37888K, 0% used [0x00000000e5200000,0x00000000e5200000,0x00000000e7700000)
 ParOldGen       total 140800K, used 83303K [0x0000000081e00000, 0x000000008a780000, 0x00000000d5f80000)
  object space 140800K, 59% used [0x0000000081e00000,0x0000000086f59f20,0x000000008a780000)
 Metaspace       used 39686K, capacity 39991K, committed 40192K, reserved 1085440K
  class space    used 4973K, capacity 5068K, committed 5120K, reserved 1048576K
Event: 12.636 GC heap after
Heap after GC invocations=21 (full 3):
 PSYoungGen      total 282112K, used 0K [0x00000000d5f80000, 0x00000000ea000000, 0x0000000100000000)
  eden space 248320K, 0% used [0x00000000d5f80000,0x00000000d5f80000,0x00000000e5200000)
  from space 33792K, 0% used [0x00000000e7700000,0x00000000e7700000,0x00000000e9800000)
  to   space 37888K, 0% used [0x00000000e5200000,0x00000000e5200000,0x00000000e7700000)
 ParOldGen       total 140800K, used 101439K [0x0000000081e00000, 0x000000008a780000, 0x00000000d5f80000)
  object space 140800K, 72% used [0x0000000081e00000,0x000000008810fec0,0x000000008a780000)
 Metaspace       used 39686K, capacity 39991K, committed 40192K, reserved 1085440K
  class space    used 4973K, capacity 5068K, committed 5120K, reserved 1048576K
}
Event: 12.636 GC heap before
{Heap before GC invocations=22 (full 3):
 PSYoungGen      total 282112K, used 0K [0x00000000d5f80000, 0x00000000ea000000, 0x0000000100000000)
  eden space 248320K, 0% used [0x00000000d5f80000,0x00000000d5f80000,0x00000000e5200000)
  from space 33792K, 0% used [0x00000000e7700000,0x00000000e7700000,0x00000000e9800000)
  to   space 37888K, 0% used [0x00000000e5200000,0x00000000e5200000,0x00000000e7700000)
 ParOldGen       total 140800K, used 101439K [0x0000000081e00000, 0x000000008a780000, 0x00000000d5f80000)
  object space 140800K, 72% used [0x0000000081e00000,0x000000008810fec0,0x000000008a780000)
 Metaspace       used 39686K, capacity 39991K, committed 40192K, reserved 1085440K
  class space    used 4973K, capacity 5068K, committed 5120K, reserved 1048576K
Event: 12.637 GC heap after
Heap after GC invocations=22 (full 3):
 PSYoungGen      total 286208K, used 0K [0x00000000d5f80000, 0x00000000ea000000, 0x0000000100000000)
  eden space 248320K, 0% used [0x00000000d5f80000,0x00000000d5f80000,0x00000000e5200000)
  from space 37888K, 0% used [0x00000000e5200000,0x00000000e5200000,0x00000000e7700000)
  to   space 37888K, 0% used [0x00000000e7b00000,0x00000000e7b00000,0x00000000ea000000)
 ParOldGen       total 140800K, used 101439K [0x0000000081e00000, 0x000000008a780000, 0x00000000d5f80000)
  object space 140800K, 72% used [0x0000000081e00000,0x000000008810fec0,0x000000008a780000)
 Metaspace       used 39686K, capacity 39991K, committed 40192K, reserved 1085440K
  class space    used 4973K, capacity 5068K, committed 5120K, reserved 1048576K
}
Event: 12.637 GC heap before
{Heap before GC invocations=23 (full 4):
 PSYoungGen      total 286208K, used 0K [0x00000000d5f80000, 0x00000000ea000000, 0x0000000100000000)
  eden space 248320K, 0% used [0x00000000d5f80000,0x00000000d5f80000,0x00000000e5200000)
  from space 37888K, 0% used [0x00000000e5200000,0x00000000e5200000,0x00000000e7700000)
  to   space 37888K, 0% used [0x00000000e7b00000,0x00000000e7b00000,0x00000000ea000000)
 ParOldGen       total 140800K, used 101439K [0x0000000081e00000, 0x000000008a780000, 0x00000000d5f80000)
  object space 140800K, 72% used [0x0000000081e00000,0x000000008810fec0,0x000000008a780000)
 Metaspace       used 39686K, capacity 39991K, committed 40192K, reserved 1085440K
  class space    used 4973K, capacity 5068K, committed 5120K, reserved 1048576K
Event: 12.671 GC heap after
Heap after GC invocations=23 (full 4):
 PSYoungGen      total 286208K, used 0K [0x00000000d5f80000, 0x00000000ea000000, 0x0000000100000000)
  eden space 248320K, 0% used [0x00000000d5f80000,0x00000000d5f80000,0x00000000e5200000)
  from space 37888K, 0% used [0x00000000e5200000,0x00000000e5200000,0x00000000e7700000)
  to   space 37888K, 0% used [0x00000000e7b00000,0x00000000e7b00000,0x00000000ea000000)
 ParOldGen       total 140800K, used 101439K [0x0000000081e00000, 0x000000008a780000, 0x00000000d5f80000)
  object space 140800K, 72% used [0x0000000081e00000,0x000000008810fec0,0x000000008a780000)
 Metaspace       used 39686K, capacity 39991K, committed 40192K, reserved 1085440K
  class space    used 4973K, capacity 5068K, committed 5120K, reserved 1048576K
}
Event: 13.595 GC heap before
{Heap before GC invocations=24 (full 4):
 PSYoungGen      total 286208K, used 157000K [0x00000000d5f80000, 0x00000000ea000000, 0x0000000100000000)
  eden space 248320K, 63% used [0x00000000d5f80000,0x00000000df8d20d8,0x00000000e5200000)
  from space 37888K, 0% used [0x00000000e5200000,0x00000000e5200000,0x00000000e7700000)
  to   space 37888K, 0% used [0x00000000e7b00000,0x00000000e7b00000,0x00000000ea000000)
 ParOldGen       total 140800K, used 101439K [0x0000000081e00000, 0x000000008a780000, 0x00000000d5f80000)
  object space 140800K, 72% used [0x0000000081e00000,0x000000008810fec0,0x000000008a780000)
 Metaspace       used 42803K, capacity 43165K, committed 43264K, reserved 1087488K
  class space    used 5274K, capacity 5367K, committed 5376K, reserved 1048576K
Event: 13.606 GC heap after
Heap after GC invocations=24 (full 4):
 PSYoungGen      total 286208K, used 30417K [0x00000000d5f80000, 0x00000000ea800000, 0x0000000100000000)
  eden space 248320K, 0% used [0x00000000d5f80000,0x00000000d5f80000,0x00000000e5200000)
  from space 37888K, 80% used [0x00000000e7b00000,0x00000000e98b4438,0x00000000ea000000)
  to   space 41984K, 0% used [0x00000000e5200000,0x00000000e5200000,0x00000000e7b00000)
 ParOldGen       total 140800K, used 101447K [0x0000000081e00000, 0x000000008a780000, 0x00000000d5f80000)
  object space 140800K, 72% used [0x0000000081e00000,0x0000000088111ec0,0x000000008a780000)
 Metaspace       used 42803K, capacity 43165K, committed 43264K, reserved 1087488K
  class space    used 5274K, capacity 5367K, committed 5376K, reserved 1048576K
}
Event: 13.606 GC heap before
{Heap before GC invocations=25 (full 5):
 PSYoungGen      total 286208K, used 30417K [0x00000000d5f80000, 0x00000000ea800000, 0x0000000100000000)
  eden space 248320K, 0% used [0x00000000d5f80000,0x00000000d5f80000,0x00000000e5200000)
  from space 37888K, 80% used [0x00000000e7b00000,0x00000000e98b4438,0x00000000ea000000)
  to   space 41984K, 0% used [0x00000000e5200000,0x00000000e5200000,0x00000000e7b00000)
 ParOldGen       total 140800K, used 101447K [0x0000000081e00000, 0x000000008a780000, 0x00000000d5f80000)
  object space 140800K, 72% used [0x0000000081e00000,0x0000000088111ec0,0x000000008a780000)
 Metaspace       used 42803K, capacity 43165K, committed 43264K, reserved 1087488K
  class space    used 5274K, capacity 5367K, committed 5376K, reserved 1048576K
Event: 13.747 GC heap after
Heap after GC invocations=25 (full 5):
 PSYoungGen      total 286208K, used 0K [0x00000000d5f80000, 0x00000000ea800000, 0x0000000100000000)
  eden space 248320K, 0% used [0x00000000d5f80000,0x00000000d5f80000,0x00000000e5200000)
  from space 37888K, 0% used [0x00000000e7b00000,0x00000000e7b00000,0x00000000ea000000)
  to   space 41984K, 0% used [0x00000000e5200000,0x00000000e5200000,0x00000000e7b00000)
 ParOldGen       total 140800K, used 130935K [0x0000000081e00000, 0x000000008a780000, 0x00000000d5f80000)
  object space 140800K, 92% used [0x0000000081e00000,0x0000000089ddddc0,0x000000008a780000)
 Metaspace       used 42803K, capacity 43165K, committed 43264K, reserved 1087488K
  class space    used 5274K, capacity 5367K, committed 5376K, reserved 1048576K
}

