# JRE version: Java(TM) SE Runtime Environment (8.0_131-b11) (build 1.8.0_131-b11)
# Java VM: Java HotSpot(TM) 64-Bit Server VM (25.131-b11 mixed mode windows-amd64 compressed oops)
Heap:
 PSYoungGen      total 290816K, used 153726K [0x00000000d5f80000, 0x00000000ea500000, 0x0000000100000000)
  eden space 260096K, 59% used [0x00000000d5f80000,0x00000000df59fa78,0x00000000e5d80000)
  from space 30720K, 0% used [0x00000000e5d80000,0x00000000e5d80000,0x00000000e7b80000)
  to   space 36352K, 0% used [0x00000000e8180000,0x00000000e8180000,0x00000000ea500000)
 ParOldGen       total 145920K, used 131709K [0x0000000081e00000, 0x000000008ac80000, 0x00000000d5f80000)
  object space 145920K, 90% used [0x0000000081e00000,0x0000000089e9f610,0x000000008ac80000)
 Metaspace       used 45055K, capacity 45451K, committed 45696K, reserved 1089536K
  class space    used 5353K, capacity 5452K, committed 5504K, reserved 1048576K
GC Heap History (10 events):
Event: 15.851 GC heap before
{Heap before GC invocations=20 (full 3):
 PSYoungGen      total 281088K, used 20470K [0x00000000d5f80000, 0x00000000e9900000, 0x0000000100000000)
  eden space 260608K, 0% used [0x00000000d5f80000,0x00000000d5f80000,0x00000000e5e00000)
  from space 20480K, 99% used [0x00000000e5e00000,0x00000000e71fdb60,0x00000000e7200000)
  to   space 30208K, 0% used [0x00000000e7b80000,0x00000000e7b80000,0x00000000e9900000)
 ParOldGen       total 145920K, used 91121K [0x0000000081e00000, 0x000000008ac80000, 0x00000000d5f80000)
  object space 145920K, 62% used [0x0000000081e00000,0x00000000876fc4c8,0x000000008ac80000)
 Metaspace       used 39672K, capacity 39999K, committed 40192K, reserved 1085440K
  class space    used 4972K, capacity 5068K, committed 5120K, reserved 1048576K
Event: 16.061 GC heap after
Heap after GC invocations=20 (full 3):
 PSYoungGen      total 281088K, used 0K [0x00000000d5f80000, 0x00000000e9900000, 0x0000000100000000)
  eden space 260608K, 0% used [0x00000000d5f80000,0x00000000d5f80000,0x00000000e5e00000)
  from space 20480K, 0% used [0x00000000e5e00000,0x00000000e5e00000,0x00000000e7200000)
  to   space 30208K, 0% used [0x00000000e7b80000,0x00000000e7b80000,0x00000000e9900000)
 ParOldGen       total 145920K, used 101870K [0x0000000081e00000, 0x000000008ac80000, 0x00000000d5f80000)
  object space 145920K, 69% used [0x0000000081e00000,0x000000008817ba88,0x000000008ac80000)
 Metaspace       used 39672K, capacity 39999K, committed 40192K, reserved 1085440K
  class space    used 4972K, capacity 5068K, committed 5120K, reserved 1048576K
}
Event: 16.062 GC heap before
{Heap before GC invocations=21 (full 3):
 PSYoungGen      total 281088K, used 0K [0x00000000d5f80000, 0x00000000e9900000, 0x0000000100000000)
  eden space 260608K, 0% used [0x00000000d5f80000,0x00000000d5f80000,0x00000000e5e00000)
  from space 20480K, 0% used [0x00000000e5e00000,0x00000000e5e00000,0x00000000e7200000)
  to   space 30208K, 0% used [0x00000000e7b80000,0x00000000e7b80000,0x00000000e9900000)
 ParOldGen       total 145920K, used 101870K [0x0000000081e00000, 0x000000008ac80000, 0x00000000d5f80000)
  object space 145920K, 69% used [0x0000000081e00000,0x000000008817ba88,0x000000008ac80000)
 Metaspace       used 39672K, capacity 39999K, committed 40192K, reserved 1085440K
  class space    used 4972K, capacity 5068K, committed 5120K, reserved 1048576K
Event: 16.063 GC heap after
Heap after GC invocations=21 (full 3):
 PSYoungGen      total 290304K, used 0K [0x00000000d5f80000, 0x00000000e9a00000, 0x0000000100000000)
  eden space 260096K, 0% used [0x00000000d5f80000,0x00000000d5f80000,0x00000000e5d80000)
  from space 30208K, 0% used [0x00000000e7b80000,0x00000000e7b80000,0x00000000e9900000)
  to   space 30720K, 0% used [0x00000000e5d80000,0x00000000e5d80000,0x00000000e7b80000)
 ParOldGen       total 145920K, used 101870K [0x0000000081e00000, 0x000000008ac80000, 0x00000000d5f80000)
  object space 145920K, 69% used [0x0000000081e00000,0x000000008817ba88,0x000000008ac80000)
 Metaspace       used 39672K, capacity 39999K, committed 40192K, reserved 1085440K
  class space    used 4972K, capacity 5068K, committed 5120K, reserved 1048576K
}
Event: 16.063 GC heap before
{Heap before GC invocations=22 (full 4):
 PSYoungGen      total 290304K, used 0K [0x00000000d5f80000, 0x00000000e9a00000, 0x0000000100000000)
  eden space 260096K, 0% used [0x00000000d5f80000,0x00000000d5f80000,0x00000000e5d80000)
  from space 30208K, 0% used [0x00000000e7b80000,0x00000000e7b80000,0x00000000e9900000)
  to   space 30720K, 0% used [0x00000000e5d80000,0x00000000e5d80000,0x00000000e7b80000)
 ParOldGen       total 145920K, used 101870K [0x0000000081e00000, 0x000000008ac80000, 0x00000000d5f80000)
  object space 145920K, 69% used [0x0000000081e00000,0x000000008817ba88,0x000000008ac80000)
 Metaspace       used 39672K, capacity 39999K, committed 40192K, reserved 1085440K
  class space    used 4972K, capacity 5068K, committed 5120K, reserved 1048576K
Event: 16.097 GC heap after
Heap after GC invocations=22 (full 4):
 PSYoungGen      total 290304K, used 0K [0x00000000d5f80000, 0x00000000e9a00000, 0x0000000100000000)
  eden space 260096K, 0% used [0x00000000d5f80000,0x00000000d5f80000,0x00000000e5d80000)
  from space 30208K, 0% used [0x00000000e7b80000,0x00000000e7b80000,0x00000000e9900000)
  to   space 30720K, 0% used [0x00000000e5d80000,0x00000000e5d80000,0x00000000e7b80000)
 ParOldGen       total 145920K, used 101870K [0x0000000081e00000, 0x000000008ac80000, 0x00000000d5f80000)
  object space 145920K, 69% used [0x0000000081e00000,0x000000008817ba88,0x000000008ac80000)
 Metaspace       used 39672K, capacity 39999K, committed 40192K, reserved 1085440K
  class space    used 4972K, capacity 5068K, committed 5120K, reserved 1048576K
}
Event: 16.888 GC heap before
{Heap before GC invocations=23 (full 4):
 PSYoungGen      total 290304K, used 156730K [0x00000000d5f80000, 0x00000000e9a00000, 0x0000000100000000)
  eden space 260096K, 60% used [0x00000000d5f80000,0x00000000df88eaa8,0x00000000e5d80000)
  from space 30208K, 0% used [0x00000000e7b80000,0x00000000e7b80000,0x00000000e9900000)
  to   space 30720K, 0% used [0x00000000e5d80000,0x00000000e5d80000,0x00000000e7b80000)
 ParOldGen       total 145920K, used 101870K [0x0000000081e00000, 0x000000008ac80000, 0x00000000d5f80000)
  object space 145920K, 69% used [0x0000000081e00000,0x000000008817ba88,0x000000008ac80000)
 Metaspace       used 42705K, capacity 43037K, committed 43264K, reserved 1087488K
  class space    used 5272K, capacity 5367K, committed 5376K, reserved 1048576K
Event: 16.901 GC heap after
Heap after GC invocations=23 (full 4):
 PSYoungGen      total 290816K, used 30690K [0x00000000d5f80000, 0x00000000ea500000, 0x0000000100000000)
  eden space 260096K, 0% used [0x00000000d5f80000,0x00000000d5f80000,0x00000000e5d80000)
  from space 30720K, 99% used [0x00000000e5d80000,0x00000000e7b78bd0,0x00000000e7b80000)
  to   space 36352K, 0% used [0x00000000e8180000,0x00000000e8180000,0x00000000ea500000)
 ParOldGen       total 145920K, used 102035K [0x0000000081e00000, 0x000000008ac80000, 0x00000000d5f80000)
  object space 145920K, 69% used [0x0000000081e00000,0x00000000881a4da0,0x000000008ac80000)
 Metaspace       used 42705K, capacity 43037K, committed 43264K, reserved 1087488K
  class space    used 5272K, capacity 5367K, committed 5376K, reserved 1048576K
}
Event: 16.901 GC heap before
{Heap before GC invocations=24 (full 5):
 PSYoungGen      total 290816K, used 30690K [0x00000000d5f80000, 0x00000000ea500000, 0x0000000100000000)
  eden space 260096K, 0% used [0x00000000d5f80000,0x00000000d5f80000,0x00000000e5d80000)
  from space 30720K, 99% used [0x00000000e5d80000,0x00000000e7b78bd0,0x00000000e7b80000)
  to   space 36352K, 0% used [0x00000000e8180000,0x00000000e8180000,0x00000000ea500000)
 ParOldGen       total 145920K, used 102035K [0x0000000081e00000, 0x000000008ac80000, 0x00000000d5f80000)
  object space 145920K, 69% used [0x0000000081e00000,0x00000000881a4da0,0x000000008ac80000)
 Metaspace       used 42705K, capacity 43037K, committed 43264K, reserved 1087488K
  class space    used 5272K, capacity 5367K, committed 5376K, reserved 1048576K
Event: 17.115 GC heap after
Heap after GC invocations=24 (full 5):
 PSYoungGen      total 290816K, used 0K [0x00000000d5f80000, 0x00000000ea500000, 0x0000000100000000)
  eden space 260096K, 0% used [0x00000000d5f80000,0x00000000d5f80000,0x00000000e5d80000)
  from space 30720K, 0% used [0x00000000e5d80000,0x00000000e5d80000,0x00000000e7b80000)
  to   space 36352K, 0% used [0x00000000e8180000,0x00000000e8180000,0x00000000ea500000)
 ParOldGen       total 145920K, used 131709K [0x0000000081e00000, 0x000000008ac80000, 0x00000000d5f80000)
  object space 145920K, 90% used [0x0000000081e00000,0x0000000089e9f610,0x000000008ac80000)
 Metaspace       used 42705K, capacity 43037K, committed 43264K, reserved 1087488K
  class space    used 5272K, capacity 5367K, committed 5376K, reserved 1048576K
}

